

stdout:
=== RUN   TestParseUint
=== RUN   TestParseUint/Direct_value
=== RUN   TestParseUint/1-byte
=== RUN   TestParseUint/2-byte
=== RUN   TestParseUint/4-byte
=== RUN   TestParseUint/8-byte
=== RUN   TestParseUint/Max_8-byte
=== RUN   TestParseUint/Truncated_1-byte
=== RUN   TestParseUint/Truncated_2-byte
=== RUN   TestParseUint/Truncated_4-byte
=== RUN   TestParseUint/Truncated_8-byte
--- PASS: TestParseUint (0.00s)
    --- PASS: TestParseUint/Direct_value (0.00s)
    --- PASS: TestParseUint/1-byte (0.00s)
    --- PASS: TestParseUint/2-byte (0.00s)
    --- PASS: TestParseUint/4-byte (0.00s)
    --- PASS: TestParseUint/8-byte (0.00s)
    --- PASS: TestParseUint/Max_8-byte (0.00s)
    --- PASS: TestParseUint/Truncated_1-byte (0.00s)
    --- PASS: TestParseUint/Truncated_2-byte (0.00s)
    --- PASS: TestParseUint/Truncated_4-byte (0.00s)
    --- PASS: TestParseUint/Truncated_8-byte (0.00s)
=== RUN   TestParseNint
=== RUN   TestParseNint/Direct_value
=== RUN   TestParseNint/1-byte
=== RUN   TestParseNint/2-byte
=== RUN   TestParseNint/4-byte
=== RUN   TestParseNint/8-byte
--- PASS: TestParseNint (0.00s)
    --- PASS: TestParseNint/Direct_value (0.00s)
    --- PASS: TestParseNint/1-byte (0.00s)
    --- PASS: TestParseNint/2-byte (0.00s)
    --- PASS: TestParseNint/4-byte (0.00s)
    --- PASS: TestParseNint/8-byte (0.00s)
=== RUN   TestParseLength
=== RUN   TestParseLength/Direct_length
=== RUN   TestParseLength/1-byte
=== RUN   TestParseLength/2-byte
=== RUN   TestParseLength/4-byte
=== RUN   TestParseLength/8-byte
=== RUN   TestParseLength/Truncated_1-byte
=== RUN   TestParseLength/Truncated_2-byte
=== RUN   TestParseLength/Truncated_4-byte
--- PASS: TestParseLength (0.00s)
    --- PASS: TestParseLength/Direct_length (0.00s)
    --- PASS: TestParseLength/1-byte (0.00s)
    --- PASS: TestParseLength/2-byte (0.00s)
    --- PASS: TestParseLength/4-byte (0.00s)
    --- PASS: TestParseLength/8-byte (0.00s)
    --- PASS: TestParseLength/Truncated_1-byte (0.00s)
    --- PASS: TestParseLength/Truncated_2-byte (0.00s)
    --- PASS: TestParseLength/Truncated_4-byte (0.00s)
=== RUN   TestIsPrintable
=== RUN   TestIsPrintable/Hello
=== RUN   TestIsPrintable/\x01\x02
=== RUN   TestIsPrintable/123_
=== RUN   TestIsPrintable/cafe
=== RUN   TestIsPrintable/��
=== RUN   TestIsPrintable/π
--- PASS: TestIsPrintable (0.00s)
    --- PASS: TestIsPrintable/Hello (0.00s)
    --- PASS: TestIsPrintable/\x01\x02 (0.00s)
    --- PASS: TestIsPrintable/123_ (0.00s)
    --- PASS: TestIsPrintable/cafe (0.00s)
    --- PASS: TestIsPrintable/�� (0.00s)
    --- PASS: TestIsPrintable/π (0.00s)
=== RUN   TestParseItem
=== RUN   TestParseItem/Simple_array
=== RUN   TestParseItem/Nested_map
    cbordiag_test.go:205: ParseItem() mismatch
        Got:
        A2                   # MAP (2 pairs)
            6161                 # TEXT: "a" (1 byte)
            01                   # POS INT: 1
            6162                 # TEXT: "b" (1 byte)
            82                   # ARRAY (2 items)
                02                   # POS INT: 2
                03                   # POS INT: 3
        Want:
        A26161016162820203   # MAP (2 pairs)
            6161                 # TEXT: "a" (1 byte)
            01                   # POS INT: 1
            6162                 # TEXT: "b" (1 byte)
            82                   # ARRAY (2 items)
                02                   # POS INT: 2
                03                   # POS INT: 3
=== RUN   TestParseItem/Tagged_item
=== RUN   TestParseItem/Truncated_byte_string
=== RUN   TestParseItem/Printable_byte_string
=== RUN   TestParseItem/Non-printable_byte_string
=== RUN   TestParseItem/Special_values
=== RUN   TestParseItem/Truncated_text_string
=== RUN   TestParseItem/Large_unsigned_int
--- FAIL: TestParseItem (0.00s)
    --- PASS: TestParseItem/Simple_array (0.00s)
    --- FAIL: TestParseItem/Nested_map (0.00s)
    --- PASS: TestParseItem/Tagged_item (0.00s)
    --- PASS: TestParseItem/Truncated_byte_string (0.00s)
    --- PASS: TestParseItem/Printable_byte_string (0.00s)
    --- PASS: TestParseItem/Non-printable_byte_string (0.00s)
    --- PASS: TestParseItem/Special_values (0.00s)
    --- PASS: TestParseItem/Truncated_text_string (0.00s)
    --- PASS: TestParseItem/Large_unsigned_int (0.00s)
FAIL
exit status 1
FAIL	github.com/stevegt/cbordiag	0.004s


stderr:

